0 verbose cli C:\nvm4w\nodejs\node.exe C:\nvm4w\nodejs\node_modules\npm\bin\npm-cli.js
1 info using npm@11.9.0
2 info using node@v24.14.0
3 silly config load:file:C:\Users\viraj\AppData\Local\nvm\v24.14.0\node_modules\npm\npmrc
4 silly config load:file:C:\Users\viraj\OneDrive\Desktop\ByteQuiz\ByteQuiz\.npmrc
5 silly config load:file:C:\Users\CodexSandboxOffline\.npmrc
6 silly config load:file:C:\nvm4w\nodejs\etc\npmrc
7 verbose title npm install
8 verbose argv "install"
9 verbose logfile logs-max:10 dir:c:\Users\viraj\OneDrive\Desktop\ByteQuiz\ByteQuiz\.npm-cache\_logs\2026-03-18T04_33_54_200Z-
10 verbose logfile c:\Users\viraj\OneDrive\Desktop\ByteQuiz\ByteQuiz\.npm-cache\_logs\2026-03-18T04_33_54_200Z-debug-0.log
11 silly logfile done cleaning log files
12 silly packumentCache heap:2348810240 maxSize:587202560 maxEntrySize:293601280
13 silly idealTree buildDeps
14 silly reify mark retired [
14 silly reify   'C:\\Users\\viraj\\OneDrive\\Desktop\\ByteQuiz\\ByteQuiz\\node_modules\\@angular\\cdk'
14 silly reify ]
15 silly reify mark retired [
15 silly reify   'C:\\Users\\viraj\\OneDrive\\Desktop\\ByteQuiz\\ByteQuiz\\node_modules\\@primeuix\\motion'
15 silly reify ]
16 silly reify mark retired [
16 silly reify   'C:\\Users\\viraj\\OneDrive\\Desktop\\ByteQuiz\\ByteQuiz\\node_modules\\@primeuix\\styled'
16 silly reify ]
17 silly reify mark retired [
17 silly reify   'C:\\Users\\viraj\\OneDrive\\Desktop\\ByteQuiz\\ByteQuiz\\node_modules\\@primeuix\\styles'
17 silly reify ]
18 silly reify mark retired [
18 silly reify   'C:\\Users\\viraj\\OneDrive\\Desktop\\ByteQuiz\\ByteQuiz\\node_modules\\@primeuix\\utils'
18 silly reify ]
19 silly reify mark retired [
19 silly reify   'C:\\Users\\viraj\\OneDrive\\Desktop\\ByteQuiz\\ByteQuiz\\node_modules\\primeicons'
19 silly reify ]
20 silly reify mark retired [
20 silly reify   'C:\\Users\\viraj\\OneDrive\\Desktop\\ByteQuiz\\ByteQuiz\\node_modules\\primeng'
20 silly reify ]
21 silly reify moves {
21 silly reify   'C:\\Users\\viraj\\OneDrive\\Desktop\\ByteQuiz\\ByteQuiz\\node_modules\\@angular\\cdk': 'C:\\Users\\viraj\\OneDrive\\Desktop\\ByteQuiz\\ByteQuiz\\node_modules\\@angular\\.cdk-EpUzu7N5',
21 silly reify   'C:\\Users\\viraj\\OneDrive\\Desktop\\ByteQuiz\\ByteQuiz\\node_modules\\@primeuix\\motion': 'C:\\Users\\viraj\\OneDrive\\Desktop\\ByteQuiz\\ByteQuiz\\node_modules\\@primeuix\\.motion-BiheCqGt',
21 silly reify   'C:\\Users\\viraj\\OneDrive\\Desktop\\ByteQuiz\\ByteQuiz\\node_modules\\@primeuix\\styled': 'C:\\Users\\viraj\\OneDrive\\Desktop\\ByteQuiz\\ByteQuiz\\node_modules\\@primeuix\\.styled-LDXKKT1t',
21 silly reify   'C:\\Users\\viraj\\OneDrive\\Desktop\\ByteQuiz\\ByteQuiz\\node_modules\\@primeuix\\styles': 'C:\\Users\\viraj\\OneDrive\\Desktop\\ByteQuiz\\ByteQuiz\\node_modules\\@primeuix\\.styles-CrRU81sZ',
21 silly reify   'C:\\Users\\viraj\\OneDrive\\Desktop\\ByteQuiz\\ByteQuiz\\node_modules\\@primeuix\\utils': 'C:\\Users\\viraj\\OneDrive\\Desktop\\ByteQuiz\\ByteQuiz\\node_modules\\@primeuix\\.utils-ayJB7H0U',
21 silly reify   'C:\\Users\\viraj\\OneDrive\\Desktop\\ByteQuiz\\ByteQuiz\\node_modules\\primeicons': 'C:\\Users\\viraj\\OneDrive\\Desktop\\ByteQuiz\\ByteQuiz\\node_modules\\.primeicons-3OJzt0L1',
21 silly reify   'C:\\Users\\viraj\\OneDrive\\Desktop\\ByteQuiz\\ByteQuiz\\node_modules\\primeng': 'C:\\Users\\viraj\\OneDrive\\Desktop\\ByteQuiz\\ByteQuiz\\node_modules\\.primeng-sZImd15h'
21 silly reify }
22 silly audit bulk request {
22 silly audit   '@algolia/abtesting': [ '1.14.1' ],
22 silly audit   '@algolia/client-abtesting': [ '5.48.1' ],
22 silly audit   '@algolia/client-analytics': [ '5.48.1' ],
22 silly audit   '@algolia/client-common': [ '5.48.1' ],
22 silly audit   '@algolia/client-insights': [ '5.48.1' ],
22 silly audit   '@algolia/client-personalization': [ '5.48.1' ],
22 silly audit   '@algolia/client-query-suggestions': [ '5.48.1' ],
22 silly audit   '@algolia/client-search': [ '5.48.1' ],
22 silly audit   '@algolia/ingestion': [ '1.48.1' ],
22 silly audit   '@algolia/monitoring': [ '1.48.1' ],
22 silly audit   '@algolia/recommend': [ '5.48.1' ],
22 silly audit   '@algolia/requester-browser-xhr': [ '5.48.1' ],
22 silly audit   '@algolia/requester-fetch': [ '5.48.1' ],
22 silly audit   '@algolia/requester-node-http': [ '5.48.1' ],
22 silly audit   '@ampproject/remapping': [ '2.3.0' ],
22 silly audit   '@angular-devkit/architect': [ '0.2102.2' ],
22 silly audit   '@angular-devkit/build-angular': [ '21.2.2' ],
22 silly audit   '@angular-devkit/build-webpack': [ '0.2102.2' ],
22 silly audit   '@angular-devkit/core': [ '21.2.2' ],
22 silly audit   '@angular-devkit/schematics': [ '21.2.2' ],
22 silly audit   '@angular/animations': [ '21.2.4' ],
22 silly audit   '@angular/build': [ '21.2.2' ],
22 silly audit   '@angular/cli': [ '21.2.2' ],
22 silly audit   '@angular/common': [ '21.2.4' ],
22 silly audit   '@angular/compiler': [ '21.2.4' ],
22 silly audit   '@angular/compiler-cli': [ '21.2.4' ],
22 silly audit   '@angular/core': [ '21.2.4' ],
22 silly audit   '@angular/forms': [ '21.2.4' ],
22 silly audit   '@angular/platform-browser': [ '21.2.4' ],
22 silly audit   '@angular/platform-browser-dynamic': [ '21.2.4' ],
22 silly audit   '@angular/router': [ '21.2.4' ],
22 silly audit   '@babel/code-frame': [ '7.29.0' ],
22 silly audit   '@babel/compat-data': [ '7.29.0' ],
22 silly audit   '@babel/core': [ '7.29.0' ],
22 silly audit   'convert-source-map': [ '2.0.0', '1.9.0' ],
22 silly audit   semver: [ '6.3.1', '5.7.2', '7.7.4' ],
22 silly audit   '@babel/generator': [ '7.29.1' ],
22 silly audit   '@babel/helper-annotate-as-pure': [ '7.27.3' ],
22 silly audit   '@babel/helper-compilation-targets': [ '7.28.6' ],
22 silly audit   '@babel/helper-create-class-features-plugin': [ '7.28.6' ],
22 silly audit   '@babel/helper-create-regexp-features-plugin': [ '7.28.5' ],
22 silly audit   '@babel/helper-define-polyfill-provider': [ '0.6.8' ],
22 silly audit   '@babel/helper-globals': [ '7.28.0' ],
22 silly audit   '@babel/helper-member-expression-to-functions': [ '7.28.5' ],
22 silly audit   '@babel/helper-module-imports': [ '7.28.6' ],
22 silly audit   '@babel/helper-module-transforms': [ '7.28.6' ],
22 silly audit   '@babel/helper-optimise-call-expression': [ '7.27.1' ],
22 silly audit   '@babel/helper-plugin-utils': [ '7.28.6' ],
22 silly audit   '@babel/helper-remap-async-to-generator': [ '7.27.1' ],
22 silly audit   '@babel/helper-replace-supers': [ '7.28.6' ],
22 silly audit   '@babel/helper-skip-transparent-expression-wrappers': [ '7.27.1' ],
22 silly audit   '@babel/helper-split-export-declaration': [ '7.24.7' ],
22 silly audit   '@babel/helper-string-parser': [ '7.27.1' ],
22 silly audit   '@babel/helper-validator-identifier': [ '7.28.5' ],
22 silly audit   '@babel/helper-validator-option': [ '7.27.1' ],
22 silly audit   '@babel/helper-wrap-function': [ '7.28.6' ],
22 silly audit   '@babel/helpers': [ '7.29.2' ],
22 silly audit   '@babel/parser': [ '7.29.2' ],
22 silly audit   '@babel/plugin-bugfix-firefox-class-in-computed-class-key': [ '7.28.5' ],
22 silly audit   '@babel/plugin-bugfix-safari-class-field-initializer-scope': [ '7.27.1' ],
22 silly audit   '@babel/plugin-bugfix-safari-id-destructuring-collision-in-function-expression': [ '7.27.1' ],
22 silly audit   '@babel/plugin-bugfix-v8-spread-parameters-in-optional-chaining': [ '7.27.1' ],
22 silly audit   '@babel/plugin-bugfix-v8-static-class-fields-redefine-readonly': [ '7.28.6' ],
22 silly audit   '@babel/plugin-proposal-private-property-in-object': [ '7.21.0-placeholder-for-preset-env.2' ],
22 silly audit   '@babel/plugin-syntax-import-assertions': [ '7.28.6' ],
22 silly audit   '@babel/plugin-syntax-import-attributes': [ '7.28.6' ],
22 silly audit   '@babel/plugin-syntax-unicode-sets-regex': [ '7.18.6' ],
22 silly audit   '@babel/plugin-transform-arrow-functions': [ '7.27.1' ],
22 silly audit   '@babel/plugin-transform-async-generator-functions': [ '7.29.0' ],
22 silly audit   '@babel/plugin-transform-async-to-generator': [ '7.28.6' ],
22 silly audit   '@babel/plugin-transform-block-scoped-functions': [ '7.27.1' ],
22 silly audit   '@babel/plugin-transform-block-scoping': [ '7.28.6' ],
22 silly audit   '@babel/plugin-transform-class-properties': [ '7.28.6' ],
22 silly audit   '@babel/plugin-transform-class-static-block': [ '7.28.6' ],
22 silly audit   '@babel/plugin-transform-classes': [ '7.28.6' ],
22 silly audit   '@babel/plugin-transform-computed-properties': [ '7.28.6' ],
22 silly audit   '@babel/plugin-transform-destructuring': [ '7.28.5' ],
22 silly audit   '@babel/plugin-transform-dotall-regex': [ '7.28.6' ],
22 silly audit   '@babel/plugin-transform-duplicate-keys': [ '7.27.1' ],
22 silly audit   '@babel/plugin-transform-duplicate-named-capturing-groups-regex': [ '7.29.0' ],
22 silly audit   '@babel/plugin-transform-dynamic-import': [ '7.27.1' ],
22 silly audit   '@babel/plugin-transform-explicit-resource-management': [ '7.28.6' ],
22 silly audit   '@babel/plugin-transform-exponentiation-operator': [ '7.28.6' ],
22 silly audit   '@babel/plugin-transform-export-namespace-from': [ '7.27.1' ],
22 silly audit   '@babel/plugin-transform-for-of': [ '7.27.1' ],
22 silly audit   '@babel/plugin-transform-function-name': [ '7.27.1' ],
22 silly audit   '@babel/plugin-transform-json-strings': [ '7.28.6' ],
22 silly audit   '@babel/plugin-transform-literals': [ '7.27.1' ],
22 silly audit   '@babel/plugin-transform-logical-assignment-operators': [ '7.28.6' ],
22 silly audit   '@babel/plugin-transform-member-expression-literals': [ '7.27.1' ],
22 silly audit   '@babel/plugin-transform-modules-amd': [ '7.27.1' ],
22 silly audit   '@babel/plugin-transform-modules-commonjs': [ '7.28.6' ],
22 silly audit   '@babel/plugin-transform-modules-systemjs': [ '7.29.0' ],
22 silly audit   '@babel/plugin-transform-modules-umd': [ '7.27.1' ],
22 silly audit   '@babel/plugin-transform-named-capturing-groups-regex': [ '7.29.0' ],
22 silly audit   '@babel/plugin-transform-new-target': [ '7.27.1' ],
22 silly audit   '@babel/plugin-transform-nullish-coalescing-operator': [ '7.28.6' ],
22 silly audit   '@babel/plugin-transform-numeric-separator': [ '7.28.6' ],
22 silly audit   '@babel/plugin-transform-object-rest-spread': [ '7.28.6' ],
22 silly audit   '@babel/plugin-transform-object-super': [ '7.27.1' ],
22 silly audit   '@babel/plugin-transform-optional-catch-binding': [ '7.28.6' ],
22 silly audit   '@babel/plugin-transform-optional-chaining': [ '7.28.6' ],
22 silly audit   '@babel/plugin-transform-parameters': [ '7.27.7' ],
22 silly audit   '@babel/plugin-transform-private-methods': [ '7.28.6' ],
22 silly audit   '@babel/plugin-transform-private-property-in-object': [ '7.28.6' ],
22 silly audit   '@babel/plugin-transform-property-literals': [ '7.27.1' ],
22 silly audit   '@babel/plugin-transform-regenerator': [ '7.29.0' ],
22 silly audit   '@babel/plugin-transform-regexp-modifiers': [ '7.28.6' ],
22 silly audit   '@babel/plugin-transform-reserved-words': [ '7.27.1' ],
22 silly audit   '@babel/plugin-transform-runtime': [ '7.29.0' ],
22 silly audit   '@babel/plugin-transform-shorthand-properties': [ '7.27.1' ],
22 silly audit   '@babel/plugin-transform-spread': [ '7.28.6' ],
22 silly audit   '@babel/plugin-transform-sticky-regex': [ '7.27.1' ],
22 silly audit   '@babel/plugin-transform-template-literals': [ '7.27.1' ],
22 silly audit   '@babel/plugin-transform-typeof-symbol': [ '7.27.1' ],
22 silly audit   '@babel/plugin-transform-unicode-escapes': [ '7.27.1' ],
22 silly audit   '@babel/plugin-transform-unicode-property-regex': [ '7.28.6' ],
22 silly audit   '@babel/plugin-transform-unicode-regex': [ '7.27.1' ],
22 silly audit   '@babel/plugin-transform-unicode-sets-regex': [ '7.28.6' ],
22 silly audit   '@babel/preset-env': [ '7.29.0' ],
22 silly audit   'babel-plugin-polyfill-corejs3': [ '0.14.2', '0.13.0' ],
22 silly audit   '@babel/preset-modules': [ '0.1.6-no-external-plugins' ],
22 silly audit   '@babel/runtime': [ '7.28.6' ],
22 silly audit   '@babel/template': [ '7.28.6' ],
22 silly audit   '@babel/traverse': [ '7.29.0' ],
22 silly audit   '@babel/types': [ '7.29.0' ],
22 silly audit   '@colors/colors': [ '1.5.0' ],
22 silly audit   '@discoveryjs/json-ext': [ '0.6.3' ],
22 silly audit   '@emnapi/core': [ '1.9.0' ],
22 silly audit   '@emnapi/runtime': [ '1.9.0' ],
22 silly audit   '@emnapi/wasi-threads': [ '1.2.0' ],
22 silly audit   '@esbuild/aix-ppc64': [ '0.27.3' ],
22 silly audit   '@esbuild/android-arm': [ '0.27.3' ],
22 silly audit   '@esbuild/android-arm64': [ '0.27.3' ],
22 silly audit   '@esbuild/android-x64': [ '0.27.3' ],
22 silly audit   '@esbuild/darwin-arm64': [ '0.27.3' ],
22 silly audit   '@esbuild/darwin-x64': [ '0.27.3' ],
22 silly audit   '@esbuild/freebsd-arm64': [ '0.27.3' ],
22 silly audit   '@esbuild/freebsd-x64': [ '0.27.3' ],
22 silly audit   '@esbuild/linux-arm': [ '0.27.3' ],
22 silly audit   '@esbuild/linux-arm64': [ '0.27.3' ],
22 silly audit   '@esbuild/linux-ia32': [ '0.27.3' ],
22 silly audit   '@esbuild/linux-loong64': [ '0.27.3' ],
22 silly audit   '@esbuild/linux-mips64el': [ '0.27.3' ],
22 silly audit   '@esbuild/linux-ppc64': [ '0.27.3' ],
22 silly audit   '@esbuild/linux-riscv64': [ '0.27.3' ],
22 silly audit   '@esbuild/linux-s390x': [ '0.27.3' ],
22 silly audit   '@esbuild/linux-x64': [ '0.27.3' ],
22 silly audit   '@esbuild/netbsd-arm64': [ '0.27.3' ],
22 silly audit   '@esbuild/netbsd-x64': [ '0.27.3' ],
22 silly audit   '@esbuild/openbsd-arm64': [ '0.27.3' ],
22 silly audit   '@esbuild/openbsd-x64': [ '0.27.3' ],
22 silly audit   '@esbuild/openharmony-arm64': [ '0.27.3' ],
22 silly audit   '@esbuild/sunos-x64': [ '0.27.3' ],
22 silly audit   '@esbuild/win32-arm64': [ '0.27.3' ],
22 silly audit   '@esbuild/win32-ia32': [ '0.27.3' ],
22 silly audit   '@esbuild/win32-x64': [ '0.27.3' ],
22 silly audit   '@gar/promise-retry': [ '1.0.2' ],
22 silly audit   '@harperfast/extended-iterable': [ '1.0.3' ],
22 silly audit   '@hono/node-server': [ '1.19.11' ],
22 silly audit   '@inquirer/ansi': [ '1.0.2' ],
22 silly audit   '@inquirer/checkbox': [ '4.3.2' ],
22 silly audit   '@inquirer/confirm': [ '5.1.21' ],
22 silly audit   '@inquirer/core': [ '10.3.2' ],
22 silly audit   '@inquirer/editor': [ '4.2.23' ],
22 silly audit   '@inquirer/expand': [ '4.0.23' ],
22 silly audit   '@inquirer/external-editor': [ '1.0.3' ],
22 silly audit   '@inquirer/figures': [ '1.0.15' ],
22 silly audit   '@inquirer/input': [ '4.3.1' ],
22 silly audit   '@inquirer/number': [ '3.0.23' ],
22 silly audit   '@inquirer/password': [ '4.0.23' ],
22 silly audit   '@inquirer/prompts': [ '7.10.1' ],
22 silly audit   '@inquirer/rawlist': [ '4.1.11' ],
22 silly audit   '@inquirer/search': [ '3.2.2' ],
22 silly audit   '@inquirer/select': [ '4.4.2' ],
22 silly audit   '@inquirer/type': [ '3.0.10' ],
22 silly audit   '@isaacs/fs-minipass': [ '4.0.1' ],
22 silly audit   '@istanbuljs/schema': [ '0.1.3' ],
22 silly audit   '@jridgewell/gen-mapping': [ '0.3.13' ],
22 silly audit   '@jridgewell/remapping': [ '2.3.5' ],
22 silly audit   '@jridgewell/resolve-uri': [ '3.1.2' ],
22 silly audit   '@jridgewell/source-map': [ '0.3.11' ],
22 silly audit   '@jridgewell/sourcemap-codec': [ '1.5.5' ],
22 silly audit   '@jridgewell/trace-mapping': [ '0.3.31' ],
22 silly audit   '@jsonjoy.com/base64': [ '1.1.2', '17.67.0' ],
22 silly audit   '@jsonjoy.com/buffers': [ '17.67.0', '1.2.1' ],
22 silly audit   '@jsonjoy.com/codegen': [ '1.0.0', '17.67.0' ],
22 silly audit   '@jsonjoy.com/fs-core': [ '4.56.11' ],
22 silly audit   '@jsonjoy.com/fs-fsa': [ '4.56.11' ],
22 silly audit   '@jsonjoy.com/fs-node': [ '4.56.11' ],
22 silly audit   '@jsonjoy.com/fs-node-builtins': [ '4.56.11' ],
22 silly audit   '@jsonjoy.com/fs-node-to-fsa': [ '4.56.11' ],
22 silly audit   '@jsonjoy.com/fs-node-utils': [ '4.56.11' ],
22 silly audit   '@jsonjoy.com/fs-print': [ '4.56.11' ],
22 silly audit   '@jsonjoy.com/fs-snapshot': [ '4.56.11' ],
22 silly audit   '@jsonjoy.com/json-pack': [ '17.67.0', '1.21.0' ],
22 silly audit   '@jsonjoy.com/json-pointer': [ '17.67.0', '1.0.2' ],
22 silly audit   '@jsonjoy.com/util': [ '17.67.0', '1.9.0' ],
22 silly audit   '@leichtgewicht/ip-codec': [ '2.0.5' ],
22 silly audit   '@listr2/prompt-adapter-inquirer': [ '3.0.5' ],
22 silly audit   '@lmdb/lmdb-darwin-arm64': [ '3.5.1' ],
22 silly audit   '@lmdb/lmdb-darwin-x64': [ '3.5.1' ],
22 silly audit   '@lmdb/lmdb-linux-arm': [ '3.5.1' ],
22 silly audit   '@lmdb/lmdb-linux-arm64': [ '3.5.1' ],
22 silly audit   '@lmdb/lmdb-linux-x64': [ '3.5.1' ],
22 silly audit   '@lmdb/lmdb-win32-arm64': [ '3.5.1' ],
22 silly audit   '@lmdb/lmdb-win32-x64': [ '3.5.1' ],
22 silly audit   '@modelcontextprotocol/sdk': [ '1.26.0' ],
22 silly audit   '@msgpackr-extract/msgpackr-extract-darwin-arm64': [ '3.0.3' ],
22 silly audit   '@msgpackr-extract/msgpackr-extract-darwin-x64': [ '3.0.3' ],
22 silly audit   '@msgpackr-extract/msgpackr-extract-linux-arm': [ '3.0.3' ],
22 silly audit   '@msgpackr-extract/msgpackr-extract-linux-arm64': [ '3.0.3' ],
22 silly audit   '@msgpackr-extract/msgpackr-extract-linux-x64': [ '3.0.3' ],
22 silly audit   '@msgpackr-extract/msgpackr-extract-win32-x64': [ '3.0.3' ],
22 silly audit   '@napi-rs/nice': [ '1.1.1' ],
22 silly audit   '@napi-rs/nice-android-arm-eabi': [ '1.1.1' ],
22 silly audit   '@napi-rs/nice-android-arm64': [ '1.1.1' ],
22 silly audit   '@napi-rs/nice-darwin-arm64': [ '1.1.1' ],
22 silly audit   '@napi-rs/nice-darwin-x64': [ '1.1.1' ],
22 silly audit   '@napi-rs/nice-freebsd-x64': [ '1.1.1' ],
22 silly audit   '@napi-rs/nice-linux-arm-gnueabihf': [ '1.1.1' ],
22 silly audit   '@napi-rs/nice-linux-arm64-gnu': [ '1.1.1' ],
22 silly audit   '@napi-rs/nice-linux-arm64-musl': [ '1.1.1' ],
22 silly audit   '@napi-rs/nice-linux-ppc64-gnu': [ '1.1.1' ],
22 silly audit   '@napi-rs/nice-linux-riscv64-gnu': [ '1.1.1' ],
22 silly audit   '@napi-rs/nice-linux-s390x-gnu': [ '1.1.1' ],
22 silly audit   '@napi-rs/nice-linux-x64-gnu': [ '1.1.1' ],
22 silly audit   '@napi-rs/nice-linux-x64-musl': [ '1.1.1' ],
22 silly audit   '@napi-rs/nice-openharmony-arm64': [ '1.1.1' ],
22 silly audit   '@napi-rs/nice-win32-arm64-msvc': [ '1.1.1' ],
22 silly audit   '@napi-rs/nice-win32-ia32-msvc': [ '1.1.1' ],
22 silly audit   '@napi-rs/nice-win32-x64-msvc': [ '1.1.1' ],
22 silly audit   '@napi-rs/wasm-runtime': [ '1.1.1' ],
22 silly audit   '@ngtools/webpack': [ '21.2.2' ],
22 silly audit   '@noble/hashes': [ '1.4.0' ],
22 silly audit   '@npmcli/agent': [ '4.0.0' ],
22 silly audit   'lru-cache': [ '11.2.7', '5.1.1' ],
22 silly audit   '@npmcli/fs': [ '5.0.0' ],
22 silly audit   '@npmcli/git': [ '7.0.2' ],
22 silly audit   isexe: [ '4.0.0', '2.0.0' ],
22 silly audit   which: [ '6.0.1', '1.3.1', '2.0.2' ],
22 silly audit   '@npmcli/installed-package-contents': [ '4.0.0' ],
22 silly audit   '@npmcli/node-gyp': [ '5.0.0' ],
22 silly audit   '@npmcli/package-json': [ '7.0.5' ],
22 silly audit   'balanced-match': [ '4.0.4', '1.0.2' ],
22 silly audit   'brace-expansion': [ '5.0.4', '1.1.12' ],
22 silly audit   glob: [ '13.0.6', '7.2.3' ],
22 silly audit   minimatch: [ '10.2.4', '3.1.5' ],
22 silly audit   '@npmcli/promise-spawn': [ '9.0.1' ],
22 silly audit   '@npmcli/redact': [ '4.0.0' ],
22 silly audit   '@npmcli/run-script': [ '10.0.4' ],
22 silly audit   '@oxc-project/types': [ '0.113.0' ],
22 silly audit   '@parcel/watcher': [ '2.5.6' ],
22 silly audit   '@parcel/watcher-android-arm64': [ '2.5.6' ],
22 silly audit   '@parcel/watcher-darwin-arm64': [ '2.5.6' ],
22 silly audit   '@parcel/watcher-darwin-x64': [ '2.5.6' ],
22 silly audit   '@parcel/watcher-freebsd-x64': [ '2.5.6' ],
22 silly audit   '@parcel/watcher-linux-arm-glibc': [ '2.5.6' ],
22 silly audit   '@parcel/watcher-linux-arm-musl': [ '2.5.6' ],
22 silly audit   '@parcel/watcher-linux-arm64-glibc': [ '2.5.6' ],
22 silly audit   '@parcel/watcher-linux-arm64-musl': [ '2.5.6' ],
22 silly audit   '@parcel/watcher-linux-x64-glibc': [ '2.5.6' ],
22 silly audit   '@parcel/watcher-linux-x64-musl': [ '2.5.6' ],
22 silly audit   '@parcel/watcher-win32-arm64': [ '2.5.6' ],
22 silly audit   '@parcel/watcher-win32-ia32': [ '2.5.6' ],
22 silly audit   '@parcel/watcher-win32-x64': [ '2.5.6' ],
22 silly audit   'node-addon-api': [ '7.1.1', '6.1.0' ],
22 silly audit   '@peculiar/asn1-cms': [ '2.6.1' ],
22 silly audit   '@peculiar/asn1-csr': [ '2.6.1' ],
22 silly audit   '@peculiar/asn1-ecc': [ '2.6.1' ],
22 silly audit   '@peculiar/asn1-pfx': [ '2.6.1' ],
22 silly audit   '@peculiar/asn1-pkcs8': [ '2.6.1' ],
22 silly audit   '@peculiar/asn1-pkcs9': [ '2.6.1' ],
22 silly audit   '@peculiar/asn1-rsa': [ '2.6.1' ],
22 silly audit   '@peculiar/asn1-schema': [ '2.6.0' ],
22 silly audit   '@peculiar/asn1-x509': [ '2.6.1' ],
22 silly audit   '@peculiar/asn1-x509-attr': [ '2.6.1' ],
22 silly audit   '@peculiar/x509': [ '1.14.3' ],
22 silly audit   '@popperjs/core': [ '2.11.8' ],
22 silly audit   '@rolldown/binding-android-arm64': [ '1.0.0-rc.4' ],
22 silly audit   '@rolldown/binding-darwin-arm64': [ '1.0.0-rc.4' ],
22 silly audit   '@rolldown/binding-darwin-x64': [ '1.0.0-rc.4' ],
22 silly audit   '@rolldown/binding-freebsd-x64': [ '1.0.0-rc.4' ],
22 silly audit   '@rolldown/binding-linux-arm-gnueabihf': [ '1.0.0-rc.4' ],
22 silly audit   '@rolldown/binding-linux-arm64-gnu': [ '1.0.0-rc.4' ],
22 silly audit   '@rolldown/binding-linux-arm64-musl': [ '1.0.0-rc.4' ],
22 silly audit   '@rolldown/binding-linux-x64-gnu': [ '1.0.0-rc.4' ],
22 silly audit   '@rolldown/binding-linux-x64-musl': [ '1.0.0-rc.4' ],
22 silly audit   '@rolldown/binding-openharmony-arm64': [ '1.0.0-rc.4' ],
22 silly audit   '@rolldown/binding-wasm32-wasi': [ '1.0.0-rc.4' ],
22 silly audit   '@rolldown/binding-win32-arm64-msvc': [ '1.0.0-rc.4' ],
22 silly audit   '@rolldown/binding-win32-x64-msvc': [ '1.0.0-rc.4' ],
22 silly audit   '@rolldown/pluginutils': [ '1.0.0-rc.4' ],
22 silly audit   '@rollup/rollup-android-arm-eabi': [ '4.59.0' ],
22 silly audit   '@rollup/rollup-android-arm64': [ '4.59.0' ],
22 silly audit   '@rollup/rollup-darwin-arm64': [ '4.59.0' ],
22 silly audit   '@rollup/rollup-darwin-x64': [ '4.59.0' ],
22 silly audit   '@rollup/rollup-freebsd-arm64': [ '4.59.0' ],
22 silly audit   '@rollup/rollup-freebsd-x64': [ '4.59.0' ],
22 silly audit   '@rollup/rollup-linux-arm-gnueabihf': [ '4.59.0' ],
22 silly audit   '@rollup/rollup-linux-arm-musleabihf': [ '4.59.0' ],
22 silly audit   '@rollup/rollup-linux-arm64-gnu': [ '4.59.0' ],
22 silly audit   '@rollup/rollup-linux-arm64-musl': [ '4.59.0' ],
22 silly audit   '@rollup/rollup-linux-loong64-gnu': [ '4.59.0' ],
22 silly audit   '@rollup/rollup-linux-loong64-musl': [ '4.59.0' ],
22 silly audit   '@rollup/rollup-linux-ppc64-gnu': [ '4.59.0' ],
22 silly audit   '@rollup/rollup-linux-ppc64-musl': [ '4.59.0' ],
22 silly audit   '@rollup/rollup-linux-riscv64-gnu': [ '4.59.0' ],
22 silly audit   '@rollup/rollup-linux-riscv64-musl': [ '4.59.0' ],
22 silly audit   '@rollup/rollup-linux-s390x-gnu': [ '4.59.0' ],
22 silly audit   '@rollup/rollup-linux-x64-gnu': [ '4.59.0' ],
22 silly audit   '@rollup/rollup-linux-x64-musl': [ '4.59.0' ],
22 silly audit   '@rollup/rollup-openbsd-x64': [ '4.59.0' ],
22 silly audit   '@rollup/rollup-openharmony-arm64': [ '4.59.0' ],
22 silly audit   '@rollup/rollup-win32-arm64-msvc': [ '4.59.0' ],
22 silly audit   '@rollup/rollup-win32-ia32-msvc': [ '4.59.0' ],
22 silly audit   '@rollup/rollup-win32-x64-gnu': [ '4.59.0' ],
22 silly audit   '@rollup/rollup-win32-x64-msvc': [ '4.59.0' ],
22 silly audit   '@schematics/angular': [ '21.2.2' ],
22 silly audit   '@sigstore/bundle': [ '4.0.0' ],
22 silly audit   '@sigstore/core': [ '3.1.0' ],
22 silly audit   '@sigstore/protobuf-specs': [ '0.5.0' ],
22 silly audit   '@sigstore/sign': [ '4.1.0' ],
22 silly audit   '@sigstore/tuf': [ '4.0.1' ],
22 silly audit   '@sigstore/verify': [ '3.1.0' ],
22 silly audit   '@socket.io/component-emitter': [ '3.1.2' ],
22 silly audit   '@standard-schema/spec': [ '1.1.0' ],
22 silly audit   '@tufjs/canonical-json': [ '2.0.0' ],
22 silly audit   '@tufjs/models': [ '4.1.0' ],
22 silly audit   '@tybys/wasm-util': [ '0.10.1' ],
22 silly audit   '@types/body-parser': [ '1.19.6' ],
22 silly audit   '@types/bonjour': [ '3.5.13' ],
22 silly audit   '@types/connect': [ '3.4.38' ],
22 silly audit   '@types/connect-history-api-fallback': [ '1.5.4' ],
22 silly audit   '@types/cors': [ '2.8.19' ],
22 silly audit   '@types/eslint': [ '9.6.1' ],
22 silly audit   '@types/eslint-scope': [ '3.7.7' ],
22 silly audit   '@types/estree': [ '1.0.8' ],
22 silly audit   '@types/express': [ '4.17.25' ],
22 silly audit   '@types/express-serve-static-core': [ '4.19.8' ],
22 silly audit   '@types/http-errors': [ '2.0.5' ],
22 silly audit   '@types/http-proxy': [ '1.17.17' ],
22 silly audit   '@types/jasmine': [ '4.3.6' ],
22 silly audit   '@types/json-schema': [ '7.0.15' ],
22 silly audit   '@types/mime': [ '1.3.5' ],
22 silly audit   '@types/node': [ '25.5.0' ],
22 silly audit   '@types/qs': [ '6.15.0' ],
22 silly audit   '@types/range-parser': [ '1.2.7' ],
22 silly audit   '@types/retry': [ '0.12.2' ],
22 silly audit   '@types/send': [ '1.2.1', '0.17.6' ],
22 silly audit   '@types/serve-index': [ '1.9.4' ],
22 silly audit   '@types/serve-static': [ '1.15.10' ],
22 silly audit   '@types/sockjs': [ '0.3.36' ],
22 silly audit   '@types/ws': [ '8.18.1' ],
22 silly audit   '@vitejs/plugin-basic-ssl': [ '2.1.4' ],
22 silly audit   '@webassemblyjs/ast': [ '1.14.1' ],
22 silly audit   '@webassemblyjs/floating-point-hex-parser': [ '1.13.2' ],
22 silly audit   '@webassemblyjs/helper-api-error': [ '1.13.2' ],
22 silly audit   '@webassemblyjs/helper-buffer': [ '1.14.1' ],
22 silly audit   '@webassemblyjs/helper-numbers': [ '1.13.2' ],
22 silly audit   '@webassemblyjs/helper-wasm-bytecode': [ '1.13.2' ],
22 silly audit   '@webassemblyjs/helper-wasm-section': [ '1.14.1' ],
22 silly audit   '@webassemblyjs/ieee754': [ '1.13.2' ],
22 silly audit   '@webassemblyjs/leb128': [ '1.13.2' ],
22 silly audit   '@webassemblyjs/utf8': [ '1.13.2' ],
22 silly audit   '@webassemblyjs/wasm-edit': [ '1.14.1' ],
22 silly audit   '@webassemblyjs/wasm-gen': [ '1.14.1' ],
22 silly audit   '@webassemblyjs/wasm-opt': [ '1.14.1' ],
22 silly audit   '@webassemblyjs/wasm-parser': [ '1.14.1' ],
22 silly audit   '@webassemblyjs/wast-printer': [ '1.14.1' ],
22 silly audit   '@xtuc/ieee754': [ '1.2.0' ],
22 silly audit   '@xtuc/long': [ '4.2.2' ],
22 silly audit   '@yarnpkg/lockfile': [ '1.1.0' ],
22 silly audit   abbrev: [ '4.0.0' ],
22 silly audit   accepts: [ '2.0.0', '1.3.8' ],
22 silly audit   acorn: [ '8.16.0' ],
22 silly audit   'acorn-import-phases': [ '1.0.4' ],
22 silly audit   'adjust-sourcemap-loader': [ '4.0.0' ],
22 silly audit   'loader-utils': [ '2.0.4', '3.3.1' ],
22 silly audit   'agent-base': [ '7.1.4' ],
22 silly audit   ajv: [ '8.18.0' ],
22 silly audit   'ajv-formats': [ '3.0.1', '2.1.1' ],
22 silly audit   'ajv-keywords': [ '5.1.0' ],
22 silly audit   algoliasearch: [ '5.48.1' ],
22 silly audit   'ansi-colors': [ '4.1.3' ],
22 silly audit   'ansi-escapes': [ '7.3.0' ],
22 silly audit   'ansi-html-community': [ '0.0.8' ],
22 silly audit   'ansi-regex': [ '6.2.2', '5.0.1' ],
22 silly audit   'ansi-styles': [ '6.2.3', '4.3.0' ],
22 silly audit   anymatch: [ '3.1.3' ],
22 silly audit   picomatch: [ '2.3.1', '4.0.3' ],
22 silly audit   argparse: [ '2.0.1' ],
22 silly audit   'array-flatten': [ '1.1.1' ],
22 silly audit   asn1js: [ '3.0.7' ],
22 silly audit   autoprefixer: [ '10.4.27' ],
22 silly audit   'babel-loader': [ '10.0.0' ],
22 silly audit   'babel-plugin-polyfill-corejs2': [ '0.4.17' ],
22 silly audit   'babel-plugin-polyfill-regenerator': [ '0.6.8' ],
22 silly audit   base64id: [ '2.0.0' ],
22 silly audit   'baseline-browser-mapping': [ '2.10.8' ],
22 silly audit   batch: [ '0.6.1' ],
22 silly audit   beasties: [ '0.4.1' ],
22 silly audit   'big.js': [ '5.2.2' ],
22 silly audit   'binary-extensions': [ '2.3.0' ],
22 silly audit   'body-parser': [ '2.2.2', '1.20.4' ],
22 silly audit   'bonjour-service': [ '1.3.0' ],
22 silly audit   boolbase: [ '1.0.0' ],
22 silly audit   bootstrap: [ '5.3.8' ],
22 silly audit   braces: [ '3.0.3' ],
22 silly audit   browserslist: [ '4.28.1' ],
22 silly audit   'buffer-from': [ '1.1.2' ],
22 silly audit   'bundle-name': [ '4.1.0' ],
22 silly audit   bytes: [ '3.1.2' ],
22 silly audit   bytestreamjs: [ '2.0.1' ],
22 silly audit   cacache: [ '20.0.3' ],
22 silly audit   'call-bind-apply-helpers': [ '1.0.2' ],
22 silly audit   'call-bound': [ '1.0.4' ],
22 silly audit   callsites: [ '3.1.0' ],
22 silly audit   'caniuse-lite': [ '1.0.30001780' ],
22 silly audit   chalk: [ '5.6.2' ],
22 silly audit   chardet: [ '2.1.1' ],
22 silly audit   chokidar: [ '5.0.0', '3.6.0', '4.0.3' ],
22 silly audit   chownr: [ '3.0.0' ],
22 silly audit   'chrome-trace-event': [ '1.0.4' ],
22 silly audit   'cli-cursor': [ '5.0.0' ],
22 silly audit   'cli-spinners': [ '3.4.0' ],
22 silly audit   'cli-truncate': [ '5.2.0' ],
22 silly audit   'cli-width': [ '4.1.0' ],
22 silly audit   cliui: [ '9.0.1', '7.0.4' ],
22 silly audit   'string-width': [ '7.2.0', '4.2.3', '8.2.0' ],
22 silly audit   'wrap-ansi': [ '9.0.2', '7.0.0', '6.2.0' ],
22 silly audit   'clone-deep': [ '4.0.1' ],
22 silly audit   'is-plain-object': [ '2.0.4', '5.0.0' ],
22 silly audit   'color-convert': [ '2.0.1' ],
22 silly audit   'color-name': [ '1.1.4' ],
22 silly audit   colorette: [ '2.0.20' ],
22 silly audit   commander: [ '2.20.3' ],
22 silly audit   compressible: [ '2.0.18' ],
22 silly audit   compression: [ '1.8.1' ],
22 silly audit   debug: [ '2.6.9', '4.4.3' ],
22 silly audit   ms: [ '2.0.0', '2.1.3' ],
22 silly audit   negotiator: [ '0.6.4', '0.6.3', '1.0.0' ],
22 silly audit   'concat-map': [ '0.0.1' ],
22 silly audit   connect: [ '3.7.0' ],
22 silly audit   'connect-history-api-fallback': [ '2.0.0' ],
22 silly audit   encodeurl: [ '1.0.2', '2.0.0' ],
22 silly audit   finalhandler: [ '1.1.2', '2.1.1', '1.3.2' ],
22 silly audit   'on-finished': [ '2.3.0', '2.4.1' ],
22 silly audit   statuses: [ '1.5.0', '2.0.2' ],
22 silly audit   'content-disposition': [ '1.0.1', '0.5.4' ],
22 silly audit   'content-type': [ '1.0.5' ],
22 silly audit   cookie: [ '0.7.2' ],
22 silly audit   'cookie-signature': [ '1.2.2', '1.0.7' ],
22 silly audit   'copy-anything': [ '2.0.6' ],
22 silly audit   'copy-webpack-plugin': [ '14.0.0' ],
22 silly audit   'core-js-compat': [ '3.49.0' ],
22 silly audit   'core-util-is': [ '1.0.3' ],
22 silly audit   cors: [ '2.8.6' ],
22 silly audit   cosmiconfig: [ '9.0.1' ],
22 silly audit   'cross-spawn': [ '7.0.6' ],
22 silly audit   'css-loader': [ '7.1.3' ],
22 silly audit   'css-select': [ '6.0.0' ],
22 silly audit   'css-what': [ '7.0.0' ],
22 silly audit   cssesc: [ '3.0.0' ],
22 silly audit   'custom-event': [ '1.0.1' ],
22 silly audit   'date-format': [ '4.0.14' ],
22 silly audit   'default-browser': [ '5.5.0' ],
22 silly audit   'default-browser-id': [ '5.0.1' ],
22 silly audit   'define-lazy-prop': [ '3.0.0' ],
22 silly audit   depd: [ '2.0.0', '1.1.2' ],
22 silly audit   destroy: [ '1.2.0' ],
22 silly audit   'detect-libc': [ '2.1.2' ],
22 silly audit   'detect-node': [ '2.1.0' ],
22 silly audit   di: [ '0.0.1' ],
22 silly audit   'dns-packet': [ '5.6.1' ],
22 silly audit   'dom-serialize': [ '2.2.1' ],
22 silly audit   'dom-serializer': [ '2.0.0' ],
22 silly audit   domelementtype: [ '2.3.0' ],
22 silly audit   domhandler: [ '5.0.3' ],
22 silly audit   domutils: [ '3.2.2' ],
22 silly audit   'dunder-proto': [ '1.0.1' ],
22 silly audit   'ee-first': [ '1.1.1' ],
22 silly audit   'electron-to-chromium': [ '1.5.313' ],
22 silly audit   'emoji-regex': [ '10.6.0', '8.0.0' ],
22 silly audit   'emojis-list': [ '3.0.0' ],
22 silly audit   'engine.io': [ '6.6.6' ],
22 silly audit   'engine.io-parser': [ '5.2.3' ],
22 silly audit   'mime-db': [ '1.52.0', '1.54.0' ],
22 silly audit   'mime-types': [ '2.1.35', '3.0.2' ],
22 silly audit   'enhanced-resolve': [ '5.20.1' ],
22 silly audit   ent: [ '2.2.2' ],
22 silly audit   entities: [ '4.5.0', '7.0.1', '6.0.1' ],
22 silly audit   'env-paths': [ '2.2.1' ],
22 silly audit   environment: [ '1.1.0' ],
22 silly audit   'err-code': [ '2.0.3' ],
22 silly audit   errno: [ '0.1.8' ],
22 silly audit   'error-ex': [ '1.3.4' ],
22 silly audit   'es-define-property': [ '1.0.1' ],
22 silly audit   'es-errors': [ '1.3.0' ],
22 silly audit   'es-module-lexer': [ '2.0.0' ],
22 silly audit   'es-object-atoms': [ '1.1.1' ],
22 silly audit   esbuild: [ '0.27.3' ],
22 silly audit   'esbuild-wasm': [ '0.27.3' ],
22 silly audit   escalade: [ '3.2.0' ],
22 silly audit   'escape-html': [ '1.0.3' ],
22 silly audit   'eslint-scope': [ '5.1.1' ],
22 silly audit   esrecurse: [ '4.3.0' ],
22 silly audit   estraverse: [ '5.3.0', '4.3.0' ],
22 silly audit   esutils: [ '2.0.3' ],
22 silly audit   etag: [ '1.8.1' ],
22 silly audit   eventemitter3: [ '4.0.7', '5.0.4' ],
22 silly audit   events: [ '3.3.0' ],
22 silly audit   eventsource: [ '3.0.7' ],
22 silly audit   'eventsource-parser': [ '3.0.6' ],
22 silly audit   'exponential-backoff': [ '3.1.3' ],
22 silly audit   express: [ '5.2.1', '4.22.1' ],
22 silly audit   'express-rate-limit': [ '8.3.1' ],
22 silly audit   extend: [ '3.0.2' ],
22 silly audit   'fast-deep-equal': [ '3.1.3' ],
22 silly audit   'fast-uri': [ '3.1.0' ],
22 silly audit   'faye-websocket': [ '0.11.4' ],
22 silly audit   fdir: [ '6.5.0' ],
22 silly audit   'fill-range': [ '7.1.1' ],
22 silly audit   'find-up': [ '5.0.0' ],
22 silly audit   flat: [ '5.0.2' ],
22 silly audit   flatted: [ '3.4.2' ],
22 silly audit   'follow-redirects': [ '1.15.11' ],
22 silly audit   'font-awesome': [ '4.7.0' ],
22 silly audit   forwarded: [ '0.2.0' ],
22 silly audit   'fraction.js': [ '5.3.4' ],
22 silly audit   fresh: [ '2.0.0', '0.5.2' ],
22 silly audit   'fs-extra': [ '8.1.0' ],
22 silly audit   'fs-minipass': [ '3.0.3' ],
22 silly audit   'fs.realpath': [ '1.0.0' ],
22 silly audit   fsevents: [ '2.3.3' ],
22 silly audit   'function-bind': [ '1.1.2' ],
22 silly audit   gensync: [ '1.0.0-beta.2' ],
22 silly audit   'get-caller-file': [ '2.0.5' ],
22 silly audit   'get-east-asian-width': [ '1.5.0' ],
22 silly audit   'get-intrinsic': [ '1.3.0' ],
22 silly audit   'get-proto': [ '1.0.1' ],
22 silly audit   'glob-parent': [ '6.0.2', '5.1.2' ],
22 silly audit   'glob-to-regex.js': [ '1.2.0' ],
22 silly audit   'glob-to-regexp': [ '0.4.1' ],
22 silly audit   gopd: [ '1.2.0' ],
22 silly audit   'graceful-fs': [ '4.2.11' ],
22 silly audit   'handle-thing': [ '2.0.1' ],
22 silly audit   'has-flag': [ '4.0.0' ],
22 silly audit   'has-symbols': [ '1.1.0' ],
22 silly audit   'has-tostringtag': [ '1.0.2' ],
22 silly audit   hasown: [ '2.0.2' ],
22 silly audit   hono: [ '4.12.8' ],
22 silly audit   'hosted-git-info': [ '9.0.2' ],
22 silly audit   'hpack.js': [ '2.1.6' ],
22 silly audit   'readable-stream': [ '2.3.8', '3.6.2' ],
22 silly audit   'safe-buffer': [ '5.1.2', '5.2.1' ],
22 silly audit   string_decoder: [ '1.1.1', '1.3.0' ],
22 silly audit   'html-escaper': [ '2.0.2' ],
22 silly audit   htmlparser2: [ '10.1.0' ],
22 silly audit   'http-cache-semantics': [ '4.2.0' ],
22 silly audit   'http-deceiver': [ '1.2.7' ],
22 silly audit   'http-errors': [ '2.0.1', '1.8.1' ],
22 silly audit   'http-parser-js': [ '0.5.10' ],
22 silly audit   'http-proxy': [ '1.18.1' ],
22 silly audit   'http-proxy-agent': [ '7.0.2' ],
22 silly audit   'http-proxy-middleware': [ '3.0.5', '2.0.9' ],
22 silly audit   'https-proxy-agent': [ '7.0.6' ],
22 silly audit   hyperdyperid: [ '1.2.0' ],
22 silly audit   'iconv-lite': [ '0.7.2', '0.4.24', '0.6.3' ],
22 silly audit   'icss-utils': [ '5.1.0' ],
22 silly audit   'ignore-walk': [ '8.0.0' ],
22 silly audit   'image-size': [ '0.5.5' ],
22 silly audit   immutable: [ '5.1.5' ],
22 silly audit   'import-fresh': [ '3.3.1' ],
22 silly audit   imurmurhash: [ '0.1.4' ],
22 silly audit   inflight: [ '1.0.6' ],
22 silly audit   inherits: [ '2.0.4' ],
22 silly audit   ini: [ '6.0.0' ],
22 silly audit   'ip-address': [ '10.1.0' ],
22 silly audit   'ipaddr.js': [ '1.9.1', '2.3.0' ],
22 silly audit   'is-arrayish': [ '0.2.1' ],
22 silly audit   'is-binary-path': [ '2.1.0' ],
22 silly audit   'is-core-module': [ '2.16.1' ],
22 silly audit   'is-docker': [ '3.0.0' ],
22 silly audit   'is-extglob': [ '2.1.1' ],
22 silly audit   'is-fullwidth-code-point': [ '5.1.0', '3.0.0' ],
22 silly audit   'is-glob': [ '4.0.3' ],
22 silly audit   'is-in-ssh': [ '1.0.0' ],
22 silly audit   'is-inside-container': [ '1.0.0' ],
22 silly audit   'is-interactive': [ '2.0.0' ],
22 silly audit   'is-network-error': [ '1.3.1' ],
22 silly audit   'is-number': [ '7.0.0' ],
22 silly audit   'is-plain-obj': [ '3.0.0' ],
22 silly audit   'is-promise': [ '4.0.0' ],
22 silly audit   'is-regex': [ '1.2.1' ],
22 silly audit   'is-unicode-supported': [ '2.1.0' ],
22 silly audit   'is-what': [ '3.14.1' ],
22 silly audit   'is-wsl': [ '3.1.1' ],
22 silly audit   isarray: [ '1.0.0' ],
22 silly audit   isbinaryfile: [ '4.0.10' ],
22 silly audit   isobject: [ '3.0.1' ],
22 silly audit   'istanbul-lib-coverage': [ '3.2.2' ],
22 silly audit   'istanbul-lib-instrument': [ '6.0.3', '5.2.1' ],
22 silly audit   'istanbul-lib-report': [ '3.0.1' ],
22 silly audit   'istanbul-lib-source-maps': [ '4.0.1' ],
22 silly audit   'source-map': [ '0.6.1', '0.7.6' ],
22 silly audit   'istanbul-reports': [ '3.2.0' ],
22 silly audit   'jasmine-core': [ '4.6.1' ],
22 silly audit   'jest-worker': [ '27.5.1' ],
22 silly audit   'supports-color': [ '8.1.1', '7.2.0' ],
22 silly audit   jiti: [ '2.6.1' ],
22 silly audit   jose: [ '6.2.1' ],
22 silly audit   'js-tokens': [ '4.0.0' ],
22 silly audit   'js-yaml': [ '4.1.1' ],
22 silly audit   jsesc: [ '3.1.0' ],
22 silly audit   'json-parse-even-better-errors': [ '5.0.0', '2.3.1' ],
22 silly audit   'json-schema-traverse': [ '1.0.0' ],
22 silly audit   'json-schema-typed': [ '8.0.2' ],
22 silly audit   json5: [ '2.2.3' ],
22 silly audit   'jsonc-parser': [ '3.3.1' ],
22 silly audit   jsonfile: [ '4.0.0' ],
22 silly audit   jsonparse: [ '1.3.1' ],
22 silly audit   karma: [ '6.4.4' ],
22 silly audit   'karma-chrome-launcher': [ '3.2.0' ],
22 silly audit   'karma-coverage': [ '2.2.1' ],
22 silly audit   'karma-jasmine': [ '5.1.0' ],
22 silly audit   'karma-jasmine-html-reporter': [ '2.0.0' ],
22 silly audit   'karma-source-map-support': [ '1.4.0' ],
22 silly audit   'media-typer': [ '0.3.0', '1.1.0' ],
22 silly audit   qs: [ '6.14.2', '6.15.0' ],
22 silly audit   'raw-body': [ '2.5.3', '3.0.2' ],
22 silly audit   readdirp: [ '3.6.0', '5.0.0', '4.1.2' ],
22 silly audit   'strip-ansi': [ '6.0.1', '7.2.0' ],
22 silly audit   'type-is': [ '1.6.18', '2.0.1' ],
22 silly audit   yargs: [ '16.2.0', '18.0.0' ],
22 silly audit   'yargs-parser': [ '20.2.9', '22.0.0' ],
22 silly audit   'kind-of': [ '6.0.3' ],
22 silly audit   'launch-editor': [ '2.13.1' ],
22 silly audit   less: [ '4.4.2' ],
22 silly audit   'less-loader': [ '12.3.1' ],
22 silly audit   'make-dir': [ '2.1.0', '4.0.0' ],
22 silly audit   mime: [ '1.6.0', '2.6.0' ],
22 silly audit   'license-webpack-plugin': [ '4.0.2' ],
22 silly audit   'lines-and-columns': [ '1.2.4' ],
22 silly audit   listr2: [ '9.0.5' ],
22 silly audit   lmdb: [ '3.5.1' ],
22 silly audit   'loader-runner': [ '4.3.1' ],
22 silly audit   'locate-path': [ '6.0.0' ],
22 silly audit   lodash: [ '4.17.23' ],
22 silly audit   'lodash.debounce': [ '4.0.8' ],
22 silly audit   'log-symbols': [ '7.0.1' ],
22 silly audit   'log-update': [ '6.1.0' ],
22 silly audit   'slice-ansi': [ '7.1.2', '8.0.0' ],
22 silly audit   log4js: [ '6.9.1' ],
22 silly audit   'magic-string': [ '0.30.21' ],
22 silly audit   'make-fetch-happen': [ '15.0.5' ],
22 silly audit   'math-intrinsics': [ '1.1.0' ],
22 silly audit   memfs: [ '4.56.11' ],
22 silly audit   'merge-descriptors': [ '2.0.0', '1.0.3' ],
22 silly audit   'merge-stream': [ '2.0.0' ],
22 silly audit   methods: [ '1.1.2' ],
22 silly audit   micromatch: [ '4.0.8' ],
22 silly audit   'mimic-function': [ '5.0.1' ],
22 silly audit   'mini-css-extract-plugin': [ '2.10.0' ],
22 silly audit   'minimalistic-assert': [ '1.0.1' ],
22 silly audit   minimist: [ '1.2.8' ],
22 silly audit   minipass: [ '7.1.3', '3.3.6' ],
22 silly audit   'minipass-collect': [ '2.0.1' ],
22 silly audit   'minipass-fetch': [ '5.0.2' ],
22 silly audit   'minipass-flush': [ '1.0.5' ],
22 silly audit   yallist: [ '4.0.0', '5.0.0', '3.1.1' ],
22 silly audit   'minipass-pipeline': [ '1.2.4' ],
22 silly audit   'minipass-sized': [ '2.0.0' ],
22 silly audit   minizlib: [ '3.1.0' ],
22 silly audit   mkdirp: [ '0.5.6' ],
22 silly audit   mrmime: [ '2.0.1' ],
22 silly audit   msgpackr: [ '1.11.9' ],
22 silly audit   'msgpackr-extract': [ '3.0.3' ],
22 silly audit   'multicast-dns': [ '7.2.5' ],
22 silly audit   'mute-stream': [ '2.0.0' ],
22 silly audit   nanoid: [ '3.3.11' ],
22 silly audit   needle: [ '3.5.0' ],
22 silly audit   'neo-async': [ '2.6.2' ],
22 silly audit   'node-gyp': [ '12.2.0' ],
22 silly audit   'node-gyp-build-optional-packages': [ '5.2.2' ],
22 silly audit   'node-releases': [ '2.0.36' ],
22 silly audit   nopt: [ '9.0.0' ],
22 silly audit   'normalize-path': [ '3.0.0' ],
22 silly audit   'npm-bundled': [ '5.0.0' ],
22 silly audit   'npm-install-checks': [ '8.0.0' ],
22 silly audit   'npm-normalize-package-bin': [ '5.0.0' ],
22 silly audit   'npm-package-arg': [ '13.0.2' ],
22 silly audit   'npm-packlist': [ '10.0.4' ],
22 silly audit   'npm-pick-manifest': [ '11.0.3' ],
22 silly audit   'npm-registry-fetch': [ '19.1.1' ],
22 silly audit   'nth-check': [ '2.1.1' ],
22 silly audit   'object-assign': [ '4.1.1' ],
22 silly audit   'object-inspect': [ '1.13.4' ],
22 silly audit   obuf: [ '1.1.2' ],
22 silly audit   'on-headers': [ '1.1.0' ],
22 silly audit   once: [ '1.4.0' ],
22 silly audit   onetime: [ '7.0.0' ],
22 silly audit   open: [ '11.0.0', '10.2.0' ],
22 silly audit   ora: [ '9.3.0' ],
22 silly audit   'ordered-binary': [ '1.6.1' ],
22 silly audit   'p-limit': [ '3.1.0' ],
22 silly audit   'p-locate': [ '5.0.0' ],
22 silly audit   'p-map': [ '7.0.4' ],
22 silly audit   'p-retry': [ '6.2.1' ],
22 silly audit   pacote: [ '21.3.1' ],
22 silly audit   'parent-module': [ '1.0.1' ],
22 silly audit   'parse-json': [ '5.2.0' ],
22 silly audit   'parse-node-version': [ '1.0.1' ],
22 silly audit   parse5: [ '8.0.0' ],
22 silly audit   'parse5-html-rewriting-stream': [ '8.0.0' ],
22 silly audit   'parse5-sax-parser': [ '8.0.0' ],
22 silly audit   parseurl: [ '1.3.3' ],
22 silly audit   'path-exists': [ '4.0.0' ],
22 silly audit   'path-is-absolute': [ '1.0.1' ],
22 silly audit   'path-key': [ '3.1.1' ],
22 silly audit   'path-parse': [ '1.0.7' ],
22 silly audit   'path-scurry': [ '2.0.2' ],
22 silly audit   'path-to-regexp': [ '8.3.0', '0.1.12' ],
22 silly audit   picocolors: [ '1.1.1' ],
22 silly audit   pify: [ '4.0.1' ],
22 silly audit   piscina: [ '5.1.4' ],
22 silly audit   'pkce-challenge': [ '5.0.1' ],
22 silly audit   pkijs: [ '3.3.3' ],
22 silly audit   postcss: [ '8.5.6' ],
22 silly audit   'postcss-loader': [ '8.2.0' ],
22 silly audit   'postcss-media-query-parser': [ '0.2.3' ],
22 silly audit   'postcss-modules-extract-imports': [ '3.1.0' ],
22 silly audit   'postcss-modules-local-by-default': [ '4.2.0' ],
22 silly audit   'postcss-modules-scope': [ '3.2.1' ],
22 silly audit   'postcss-modules-values': [ '4.0.0' ],
22 silly audit   'postcss-safe-parser': [ '7.0.1' ],
22 silly audit   'postcss-selector-parser': [ '7.1.1' ],
22 silly audit   'postcss-value-parser': [ '4.2.0' ],
22 silly audit   'powershell-utils': [ '0.1.0' ],
22 silly audit   'proc-log': [ '6.1.0' ],
22 silly audit   'process-nextick-args': [ '2.0.1' ],
22 silly audit   'promise-retry': [ '2.0.1' ],
22 silly audit   retry: [ '0.12.0', '0.13.1' ],
22 silly audit   'proxy-addr': [ '2.0.7' ],
22 silly audit   prr: [ '1.0.1' ],
22 silly audit   punycode: [ '1.4.1' ],
22 silly audit   pvtsutils: [ '1.3.6' ],
22 silly audit   pvutils: [ '1.1.5' ],
22 silly audit   qjobs: [ '1.2.0' ],
22 silly audit   'range-parser': [ '1.2.1' ],
22 silly audit   'reflect-metadata': [ '0.2.2' ],
22 silly audit   regenerate: [ '1.4.2' ],
22 silly audit   'regenerate-unicode-properties': [ '10.2.2' ],
22 silly audit   'regex-parser': [ '2.3.1' ],
22 silly audit   'regexpu-core': [ '6.4.0' ],
22 silly audit   regjsgen: [ '0.8.0' ],
22 silly audit   regjsparser: [ '0.13.0' ],
22 silly audit   'require-directory': [ '2.1.1' ],
22 silly audit   'require-from-string': [ '2.0.2' ],
22 silly audit   'requires-port': [ '1.0.0' ],
22 silly audit   resolve: [ '1.22.11' ],
22 silly audit   'resolve-from': [ '4.0.0' ],
22 silly audit   'resolve-url-loader': [ '5.0.0' ],
22 silly audit   'restore-cursor': [ '5.1.0' ],
22 silly audit   rfdc: [ '1.4.1' ],
22 silly audit   rimraf: [ '3.0.2' ],
22 silly audit   rolldown: [ '1.0.0-rc.4' ],
22 silly audit   rollup: [ '4.59.0' ],
22 silly audit   router: [ '2.2.0' ],
22 silly audit   'run-applescript': [ '7.1.0' ],
22 silly audit   rxjs: [ '7.8.2' ],
22 silly audit   'safe-regex-test': [ '1.1.0' ],
22 silly audit   'safer-buffer': [ '2.1.2' ],
22 silly audit   sass: [ '1.97.3' ],
22 silly audit   'sass-loader': [ '16.0.7' ],
22 silly audit   sax: [ '1.6.0' ],
22 silly audit   'schema-utils': [ '4.3.3' ],
22 silly audit   'select-hose': [ '2.0.0' ],
22 silly audit   selfsigned: [ '5.5.0' ],
22 silly audit   send: [ '1.2.1', '0.19.2' ],
22 silly audit   'serialize-javascript': [ '7.0.4' ],
22 silly audit   'serve-index': [ '1.9.2' ],
22 silly audit   'serve-static': [ '2.2.1', '1.16.3' ],
22 silly audit   setprototypeof: [ '1.2.0' ],
22 silly audit   'shallow-clone': [ '3.0.1' ],
22 silly audit   'shebang-command': [ '2.0.0' ],
22 silly audit   'shebang-regex': [ '3.0.0' ],
22 silly audit   'shell-quote': [ '1.8.3' ],
22 silly audit   'side-channel': [ '1.1.0' ],
22 silly audit   'side-channel-list': [ '1.0.0' ],
22 silly audit   'side-channel-map': [ '1.0.1' ],
22 silly audit   'side-channel-weakmap': [ '1.0.2' ],
22 silly audit   'signal-exit': [ '4.1.0' ],
22 silly audit   sigstore: [ '4.1.0' ],
22 silly audit   'smart-buffer': [ '4.2.0' ],
22 silly audit   'socket.io': [ '4.8.3' ],
22 silly audit   'socket.io-adapter': [ '2.5.6' ],
22 silly audit   'socket.io-parser': [ '4.2.6' ],
22 silly audit   sockjs: [ '0.3.24' ],
22 silly audit   socks: [ '2.8.7' ],
22 silly audit   'socks-proxy-agent': [ '8.0.5' ],
22 silly audit   'source-map-js': [ '1.2.1' ],
22 silly audit   'source-map-loader': [ '5.0.0' ],
22 silly audit   'source-map-support': [ '0.5.21' ],
22 silly audit   'spdx-exceptions': [ '2.5.0' ],
22 silly audit   'spdx-expression-parse': [ '4.0.0' ],
22 silly audit   'spdx-license-ids': [ '3.0.23' ],
22 silly audit   spdy: [ '4.0.2' ],
22 silly audit   'spdy-transport': [ '3.0.0' ],
22 silly audit   ssri: [ '13.0.1' ],
22 silly audit   'stdin-discarder': [ '0.3.1' ],
22 silly audit   streamroller: [ '3.1.5' ],
22 silly audit   'supports-preserve-symlinks-flag': [ '1.0.0' ],
22 silly audit   tapable: [ '2.3.0' ],
22 silly audit   tar: [ '7.5.11' ],
22 silly audit   terser: [ '5.46.0' ],
22 silly audit   'terser-webpack-plugin': [ '5.4.0' ],
22 silly audit   thingies: [ '2.5.0' ],
22 silly audit   thunky: [ '1.1.0' ],
22 silly audit   tinyglobby: [ '0.2.15' ],
22 silly audit   tmp: [ '0.2.5' ],
22 silly audit   'to-regex-range': [ '5.0.1' ],
22 silly audit   toidentifier: [ '1.0.1' ],
22 silly audit   'tree-dump': [ '1.1.0' ],
22 silly audit   'tree-kill': [ '1.2.2' ],
22 silly audit   tslib: [ '2.8.1', '1.14.1' ],
22 silly audit   tsyringe: [ '4.10.0' ],
22 silly audit   'tuf-js': [ '4.1.0' ],
22 silly audit   'typed-assert': [ '1.0.9' ],
22 silly audit   typescript: [ '5.9.3' ],
22 silly audit   'ua-parser-js': [ '0.7.41' ],
22 silly audit   undici: [ '7.22.0' ],
22 silly audit   'undici-types': [ '7.18.2' ],
22 silly audit   'unicode-canonical-property-names-ecmascript': [ '2.0.1' ],
22 silly audit   'unicode-match-property-ecmascript': [ '2.0.0' ],
22 silly audit   'unicode-match-property-value-ecmascript': [ '2.2.1' ],
22 silly audit   'unicode-property-aliases-ecmascript': [ '2.2.0' ],
22 silly audit   'unique-filename': [ '5.0.0' ],
22 silly audit   'unique-slug': [ '6.0.0' ],
22 silly audit   universalify: [ '0.1.2' ],
22 silly audit   unpipe: [ '1.0.0' ],
22 silly audit   'update-browserslist-db': [ '1.2.3' ],
22 silly audit   'util-deprecate': [ '1.0.2' ],
22 silly audit   'utils-merge': [ '1.0.1' ],
22 silly audit   uuid: [ '8.3.2' ],
22 silly audit   'validate-npm-package-name': [ '7.0.2' ],
22 silly audit   vary: [ '1.1.2' ],
22 silly audit   vite: [ '7.3.1' ],
22 silly audit   'void-elements': [ '2.0.1' ],
22 silly audit   watchpack: [ '2.5.1' ],
22 silly audit   wbuf: [ '1.7.3' ],
22 silly audit   'weak-lru-cache': [ '1.2.2' ],
22 silly audit   webpack: [ '5.105.2' ],
22 silly audit   'webpack-dev-middleware': [ '7.4.5' ],
22 silly audit   'webpack-dev-server': [ '5.2.3' ],
22 silly audit   'wsl-utils': [ '0.1.0', '0.3.1' ],
22 silly audit   'webpack-merge': [ '6.0.1' ],
22 silly audit   'webpack-sources': [ '3.3.4' ],
22 silly audit   'webpack-subresource-integrity': [ '5.1.0' ],
22 silly audit   'websocket-driver': [ '0.7.4' ],
22 silly audit   'websocket-extensions': [ '0.1.4' ],
22 silly audit   wildcard: [ '2.0.1' ],
22 silly audit   wrappy: [ '1.0.2' ],
22 silly audit   ws: [ '8.18.3' ],
22 silly audit   y18n: [ '5.0.8' ],
22 silly audit   'yocto-queue': [ '0.1.0' ],
22 silly audit   yoctocolors: [ '2.1.2' ],
22 silly audit   'yoctocolors-cjs': [ '2.1.3' ],
22 silly audit   zod: [ '4.3.6' ],
22 silly audit   'zod-to-json-schema': [ '3.25.1' ],
22 silly audit   'zone.js': [ '0.16.1' ]
22 silly audit }
23 http fetch POST 200 https://registry.npmjs.org/-/npm/v1/security/advisories/bulk 1904ms
24 silly audit report {
24 silly audit report   undici: [
24 silly audit report     {
24 silly audit report       id: 1114591,
24 silly audit report       url: 'https://github.com/advisories/GHSA-f269-vfmq-vjvj',
24 silly audit report       title: 'Undici: Malicious WebSocket 64-bit length overflows parser and crashes the client',
24 silly audit report       severity: 'high',
24 silly audit report       vulnerable_versions: '>=7.0.0 <7.24.0',
24 silly audit report       cwe: [Array],
24 silly audit report       cvss: [Object]
24 silly audit report     },
24 silly audit report     {
24 silly audit report       id: 1114593,
24 silly audit report       url: 'https://github.com/advisories/GHSA-2mjp-6q6p-2qxm',
24 silly audit report       title: 'Undici has an HTTP Request/Response Smuggling issue',
24 silly audit report       severity: 'moderate',
24 silly audit report       vulnerable_versions: '>=7.0.0 <7.24.0',
24 silly audit report       cwe: [Array],
24 silly audit report       cvss: [Object]
24 silly audit report     },
24 silly audit report     {
24 silly audit report       id: 1114637,
24 silly audit report       url: 'https://github.com/advisories/GHSA-vrm6-8vpv-qv8q',
24 silly audit report       title: 'Undici has Unbounded Memory Consumption in WebSocket permessage-deflate Decompression',
24 silly audit report       severity: 'high',
24 silly audit report       vulnerable_versions: '>=7.0.0 <7.24.0',
24 silly audit report       cwe: [Array],
24 silly audit report       cvss: [Object]
24 silly audit report     },
24 silly audit report     {
24 silly audit report       id: 1114639,
24 silly audit report       url: 'https://github.com/advisories/GHSA-v9p9-hfj2-hcw8',
24 silly audit report       title: 'Undici has Unhandled Exception in WebSocket Client Due to Invalid server_max_window_bits Validation',
24 silly audit report       severity: 'high',
24 silly audit report       vulnerable_versions: '>=7.0.0 <7.24.0',
24 silly audit report       cwe: [Array],
24 silly audit report       cvss: [Object]
24 silly audit report     },
24 silly audit report     {
24 silly audit report       id: 1114641,
24 silly audit report       url: 'https://github.com/advisories/GHSA-4992-7rv2-5pvq',
24 silly audit report       title: 'Undici has CRLF Injection in undici via `upgrade` option',
24 silly audit report       severity: 'moderate',
24 silly audit report       vulnerable_versions: '>=7.0.0 <7.24.0',
24 silly audit report       cwe: [Array],
24 silly audit report       cvss: [Object]
24 silly audit report     },
24 silly audit report     {
24 silly audit report       id: 1114643,
24 silly audit report       url: 'https://github.com/advisories/GHSA-phc3-fgpg-7m6h',
24 silly audit report       title: 'Undici has Unbounded Memory Consumption in its DeduplicationHandler via Response Buffering that leads to DoS',
24 silly audit report       severity: 'moderate',
24 silly audit report       vulnerable_versions: '>=7.17.0 <7.24.0',
24 silly audit report       cwe: [Array],
24 silly audit report       cvss: [Object]
24 silly audit report     }
24 silly audit report   ]
24 silly audit report }
25 silly packumentCache corgi:https://registry.npmjs.org/undici cache-miss
26 http fetch GET 200 https://registry.npmjs.org/undici 335ms (cache revalidated)
27 silly packumentCache corgi:https://registry.npmjs.org/undici set size:418795 disposed:false
28 silly packumentCache corgi:https://registry.npmjs.org/@angular%2fbuild cache-miss
29 http cache https://registry.npmjs.org/@angular%2fbuild 23ms (cache hit)
30 silly packumentCache corgi:https://registry.npmjs.org/@angular%2fbuild set size:493808 disposed:false
31 silly packumentCache corgi:https://registry.npmjs.org/@angular-devkit%2fbuild-angular cache-miss
32 http cache https://registry.npmjs.org/@angular-devkit%2fbuild-angular 13ms (cache hit)
33 silly packumentCache corgi:https://registry.npmjs.org/@angular-devkit%2fbuild-angular set size:3048213 disposed:false
34 silly REMOVE node_modules/primeng
35 silly REMOVE node_modules/primeicons
36 silly REMOVE node_modules/@primeuix/utils
37 silly REMOVE node_modules/@primeuix/styles
38 silly REMOVE node_modules/@primeuix/styled
39 silly REMOVE node_modules/@primeuix/motion
40 silly REMOVE node_modules/@angular/cdk
41 verbose cwd C:\Users\viraj\OneDrive\Desktop\ByteQuiz\ByteQuiz
42 verbose os Windows_NT 10.0.26200
43 verbose node v24.14.0
44 verbose npm  v11.9.0
45 verbose exit 0
46 info ok
